# JRE version: Java(TM) SE Runtime Environment (8.0_65-b17) (build 1.8.0_65-b17)
# Java VM: Java HotSpot(TM) 64-Bit Server VM (25.65-b01 mixed mode bsd-amd64 compressed oops)
Heap:
 PSYoungGen      total 278016K, used 36987K [0x000000076ab00000, 0x000000077db00000, 0x00000007c0000000)
  eden space 264192K, 10% used [0x000000076ab00000,0x000000076c75ef40,0x000000077ad00000)
  from space 13824K, 57% used [0x000000077cd80000,0x000000077d540010,0x000000077db00000)
  to   space 23552K, 0% used [0x000000077ad00000,0x000000077ad00000,0x000000077c400000)
 ParOldGen       total 190976K, used 38531K [0x00000006c0000000, 0x00000006cba80000, 0x000000076ab00000)
  object space 190976K, 20% used [0x00000006c0000000,0x00000006c25a0d00,0x00000006cba80000)
 Metaspace       used 40539K, capacity 40914K, committed 41256K, reserved 1085440K
  class space    used 5014K, capacity 5122K, committed 5160K, reserved 1048576K
GC Heap History (10 events):
Event: 119.693 GC heap before
{Heap before GC invocations=32 (full 2):
 PSYoungGen      total 316416K, used 316000K [0x000000076ab00000, 0x0000000780f00000, 0x00000007c0000000)
  eden space 309248K, 100% used [0x000000076ab00000,0x000000077d900000,0x000000077d900000)
  from space 7168K, 94% used [0x000000077e300000,0x000000077e998010,0x000000077ea00000)
  to   space 27648K, 0% used [0x000000077f400000,0x000000077f400000,0x0000000780f00000)
 ParOldGen       total 190976K, used 38491K [0x00000006c0000000, 0x00000006cba80000, 0x000000076ab00000)
  object space 190976K, 20% used [0x00000006c0000000,0x00000006c2596d00,0x00000006cba80000)
 Metaspace       used 40515K, capacity 40914K, committed 41256K, reserved 1085440K
  class space    used 5013K, capacity 5122K, committed 5160K, reserved 1048576K
Event: 119.699 GC heap after
Heap after GC invocations=32 (full 2):
 PSYoungGen      total 315392K, used 6752K [0x000000076ab00000, 0x0000000780380000, 0x00000007c0000000)
  eden space 299520K, 0% used [0x000000076ab00000,0x000000076ab00000,0x000000077cf80000)
  from space 15872K, 42% used [0x000000077f400000,0x000000077fa98010,0x0000000780380000)
  to   space 26624K, 0% used [0x000000077cf80000,0x000000077cf80000,0x000000077e980000)
 ParOldGen       total 190976K, used 38491K [0x00000006c0000000, 0x00000006cba80000, 0x000000076ab00000)
  object space 190976K, 20% used [0x00000006c0000000,0x00000006c2596d00,0x00000006cba80000)
 Metaspace       used 40515K, capacity 40914K, committed 41256K, reserved 1085440K
  class space    used 5013K, capacity 5122K, committed 5160K, reserved 1048576K
}
Event: 124.693 GC heap before
{Heap before GC invocations=33 (full 2):
 PSYoungGen      total 315392K, used 306272K [0x000000076ab00000, 0x0000000780380000, 0x00000007c0000000)
  eden space 299520K, 100% used [0x000000076ab00000,0x000000077cf80000,0x000000077cf80000)
  from space 15872K, 42% used [0x000000077f400000,0x000000077fa98010,0x0000000780380000)
  to   space 26624K, 0% used [0x000000077cf80000,0x000000077cf80000,0x000000077e980000)
 ParOldGen       total 190976K, used 38491K [0x00000006c0000000, 0x00000006cba80000, 0x000000076ab00000)
  object space 190976K, 20% used [0x00000006c0000000,0x00000006c2596d00,0x00000006cba80000)
 Metaspace       used 40515K, capacity 40914K, committed 41256K, reserved 1085440K
  class space    used 5013K, capacity 5122K, committed 5160K, reserved 1048576K
Event: 124.701 GC heap after
Heap after GC invocations=33 (full 2):
 PSYoungGen      total 296448K, used 5920K [0x000000076ab00000, 0x000000077f980000, 0x00000007c0000000)
  eden space 290304K, 0% used [0x000000076ab00000,0x000000076ab00000,0x000000077c680000)
  from space 6144K, 96% used [0x000000077cf80000,0x000000077d548010,0x000000077d580000)
  to   space 26112K, 0% used [0x000000077e000000,0x000000077e000000,0x000000077f980000)
 ParOldGen       total 190976K, used 38507K [0x00000006c0000000, 0x00000006cba80000, 0x000000076ab00000)
  object space 190976K, 20% used [0x00000006c0000000,0x00000006c259ad00,0x00000006cba80000)
 Metaspace       used 40515K, capacity 40914K, committed 41256K, reserved 1085440K
  class space    used 5013K, capacity 5122K, committed 5160K, reserved 1048576K
}
Event: 129.649 GC heap before
{Heap before GC invocations=34 (full 2):
 PSYoungGen      total 296448K, used 296224K [0x000000076ab00000, 0x000000077f980000, 0x00000007c0000000)
  eden space 290304K, 100% used [0x000000076ab00000,0x000000077c680000,0x000000077c680000)
  from space 6144K, 96% used [0x000000077cf80000,0x000000077d548010,0x000000077d580000)
  to   space 26112K, 0% used [0x000000077e000000,0x000000077e000000,0x000000077f980000)
 ParOldGen       total 190976K, used 38507K [0x00000006c0000000, 0x00000006cba80000, 0x000000076ab00000)
  object space 190976K, 20% used [0x00000006c0000000,0x00000006c259ad00,0x00000006cba80000)
 Metaspace       used 40516K, capacity 40914K, committed 41256K, reserved 1085440K
  class space    used 5013K, capacity 5122K, committed 5160K, reserved 1048576K
Event: 129.653 GC heap after
Heap after GC invocations=34 (full 2):
 PSYoungGen      total 295936K, used 4096K [0x000000076ab00000, 0x000000077ee80000, 0x00000007c0000000)
  eden space 281088K, 0% used [0x000000076ab00000,0x000000076ab00000,0x000000077bd80000)
  from space 14848K, 27% used [0x000000077e000000,0x000000077e400010,0x000000077ee80000)
  to   space 25088K, 0% used [0x000000077bd80000,0x000000077bd80000,0x000000077d600000)
 ParOldGen       total 190976K, used 38507K [0x00000006c0000000, 0x00000006cba80000, 0x000000076ab00000)
  object space 190976K, 20% used [0x00000006c0000000,0x00000006c259ad00,0x00000006cba80000)
 Metaspace       used 40516K, capacity 40914K, committed 41256K, reserved 1085440K
  class space    used 5013K, capacity 5122K, committed 5160K, reserved 1048576K
}
Event: 134.498 GC heap before
{Heap before GC invocations=35 (full 2):
 PSYoungGen      total 295936K, used 285184K [0x000000076ab00000, 0x000000077ee80000, 0x00000007c0000000)
  eden space 281088K, 100% used [0x000000076ab00000,0x000000077bd80000,0x000000077bd80000)
  from space 14848K, 27% used [0x000000077e000000,0x000000077e400010,0x000000077ee80000)
  to   space 25088K, 0% used [0x000000077bd80000,0x000000077bd80000,0x000000077d600000)
 ParOldGen       total 190976K, used 38507K [0x00000006c0000000, 0x00000006cba80000, 0x000000076ab00000)
  object space 190976K, 20% used [0x00000006c0000000,0x00000006c259ad00,0x00000006cba80000)
 Metaspace       used 40517K, capacity 40914K, committed 41256K, reserved 1085440K
  class space    used 5013K, capacity 5122K, committed 5160K, reserved 1048576K
Event: 134.501 GC heap after
Heap after GC invocations=35 (full 2):
 PSYoungGen      total 274432K, used 1600K [0x000000076ab00000, 0x000000077e600000, 0x00000007c0000000)
  eden space 272384K, 0% used [0x000000076ab00000,0x000000076ab00000,0x000000077b500000)
  from space 2048K, 78% used [0x000000077bd80000,0x000000077bf10010,0x000000077bf80000)
  to   space 25088K, 0% used [0x000000077cd80000,0x000000077cd80000,0x000000077e600000)
 ParOldGen       total 190976K, used 38507K [0x00000006c0000000, 0x00000006cba80000, 0x000000076ab00000)
  object space 190976K, 20% used [0x00000006c0000000,0x00000006c259ad00,0x00000006cba80000)
 Metaspace       used 40517K, capacity 40914K, committed 41256K, reserved 1085440K
  class space    used 5013K, capacity 5122K, committed 5160K, reserved 1048576K
}
Event: 138.379 GC heap before
{Heap before GC invocations=36 (full 2):
 PSYoungGen      total 274432K, used 273984K [0x000000076ab00000, 0x000000077e600000, 0x00000007c0000000)
  eden space 272384K, 100% used [0x000000076ab00000,0x000000077b500000,0x000000077b500000)
  from space 2048K, 78% used [0x000000077bd80000,0x000000077bf10010,0x000000077bf80000)
  to   space 25088K, 0% used [0x000000077cd80000,0x000000077cd80000,0x000000077e600000)
 ParOldGen       total 190976K, used 38507K [0x00000006c0000000, 0x00000006cba80000, 0x000000076ab00000)
  object space 190976K, 20% used [0x00000006c0000000,0x00000006c259ad00,0x00000006cba80000)
 Metaspace       used 40535K, capacity 40914K, committed 41256K, reserved 1085440K
  class space    used 5013K, capacity 5122K, committed 5160K, reserved 1048576K
Event: 138.384 GC heap after
Heap after GC invocations=36 (full 2):
 PSYoungGen      total 278016K, used 7936K [0x000000076ab00000, 0x000000077db00000, 0x00000007c0000000)
  eden space 264192K, 0% used [0x000000076ab00000,0x000000076ab00000,0x000000077ad00000)
  from space 13824K, 57% used [0x000000077cd80000,0x000000077d540010,0x000000077db00000)
  to   space 23552K, 0% used [0x000000077ad00000,0x000000077ad00000,0x000000077c400000)
 ParOldGen       total 190976K, used 38531K [0x00000006c0000000, 0x00000006cba80000, 0x000000076ab00000)
  object space 190976K, 20% used [0x00000006c0000000,0x00000006c25a0d00,0x00000006cba80000)
 Metaspace       used 40535K, capacity 40914K, committed 41256K, reserved 1085440K
  class space    used 5013K, capacity 5122K, committed 5160K, reserved 1048576K
}

