# JRE version: Java(TM) SE Runtime Environment (8.0_65-b17) (build 1.8.0_65-b17)
# Java VM: Java HotSpot(TM) 64-Bit Server VM (25.65-b01 mixed mode bsd-amd64 compressed oops)
Heap:
 PSYoungGen      total 164864K, used 67447K [0x000000076ab00000, 0x0000000776180000, 0x00000007c0000000)
  eden space 159232K, 39% used [0x000000076ab00000,0x000000076e7a5d18,0x0000000774680000)
  from space 5632K, 94% used [0x0000000774a00000,0x0000000774f38010,0x0000000774f80000)
  to   space 13824K, 0% used [0x0000000775400000,0x0000000775400000,0x0000000776180000)
 ParOldGen       total 194048K, used 60938K [0x00000006c0000000, 0x00000006cbd80000, 0x000000076ab00000)
  object space 194048K, 31% used [0x00000006c0000000,0x00000006c3b828d0,0x00000006cbd80000)
 Metaspace       used 40585K, capacity 40914K, committed 41344K, reserved 1085440K
  class space    used 5014K, capacity 5122K, committed 5248K, reserved 1048576K
GC Heap History (10 events):
Event: 271.124 GC heap before
{Heap before GC invocations=55 (full 2):
 PSYoungGen      total 189952K, used 181856K [0x000000076ab00000, 0x0000000777780000, 0x00000007c0000000)
  eden space 179712K, 100% used [0x000000076ab00000,0x0000000775a80000,0x0000000775a80000)
  from space 10240K, 20% used [0x0000000776d80000,0x0000000776f98010,0x0000000777780000)
  to   space 14848K, 0% used [0x0000000775a80000,0x0000000775a80000,0x0000000776900000)
 ParOldGen       total 194048K, used 60914K [0x00000006c0000000, 0x00000006cbd80000, 0x000000076ab00000)
  object space 194048K, 31% used [0x00000006c0000000,0x00000006c3b7c8d0,0x00000006cbd80000)
 Metaspace       used 40580K, capacity 40914K, committed 41344K, reserved 1085440K
  class space    used 5013K, capacity 5122K, committed 5248K, reserved 1048576K
Event: 271.129 GC heap after
Heap after GC invocations=55 (full 2):
 PSYoungGen      total 184832K, used 9472K [0x000000076ab00000, 0x0000000777400000, 0x00000007c0000000)
  eden space 175104K, 0% used [0x000000076ab00000,0x000000076ab00000,0x0000000775600000)
  from space 9728K, 97% used [0x0000000775a80000,0x00000007763c0010,0x0000000776400000)
  to   space 15360K, 0% used [0x0000000776500000,0x0000000776500000,0x0000000777400000)
 ParOldGen       total 194048K, used 60914K [0x00000006c0000000, 0x00000006cbd80000, 0x000000076ab00000)
  object space 194048K, 31% used [0x00000006c0000000,0x00000006c3b7c8d0,0x00000006cbd80000)
 Metaspace       used 40580K, capacity 40914K, committed 41344K, reserved 1085440K
  class space    used 5013K, capacity 5122K, committed 5248K, reserved 1048576K
}
Event: 274.267 GC heap before
{Heap before GC invocations=56 (full 2):
 PSYoungGen      total 184832K, used 184576K [0x000000076ab00000, 0x0000000777400000, 0x00000007c0000000)
  eden space 175104K, 100% used [0x000000076ab00000,0x0000000775600000,0x0000000775600000)
  from space 9728K, 97% used [0x0000000775a80000,0x00000007763c0010,0x0000000776400000)
  to   space 15360K, 0% used [0x0000000776500000,0x0000000776500000,0x0000000777400000)
 ParOldGen       total 194048K, used 60914K [0x00000006c0000000, 0x00000006cbd80000, 0x000000076ab00000)
  object space 194048K, 31% used [0x00000006c0000000,0x00000006c3b7c8d0,0x00000006cbd80000)
 Metaspace       used 40580K, capacity 40914K, committed 41344K, reserved 1085440K
  class space    used 5013K, capacity 5122K, committed 5248K, reserved 1048576K
Event: 274.271 GC heap after
Heap after GC invocations=56 (full 2):
 PSYoungGen      total 180224K, used 6688K [0x000000076ab00000, 0x0000000776e00000, 0x00000007c0000000)
  eden space 171008K, 0% used [0x000000076ab00000,0x000000076ab00000,0x0000000775200000)
  from space 9216K, 72% used [0x0000000776500000,0x0000000776b88010,0x0000000776e00000)
  to   space 14336K, 0% used [0x0000000775200000,0x0000000775200000,0x0000000776000000)
 ParOldGen       total 194048K, used 60914K [0x00000006c0000000, 0x00000006cbd80000, 0x000000076ab00000)
  object space 194048K, 31% used [0x00000006c0000000,0x00000006c3b7c8d0,0x00000006cbd80000)
 Metaspace       used 40580K, capacity 40914K, committed 41344K, reserved 1085440K
  class space    used 5013K, capacity 5122K, committed 5248K, reserved 1048576K
}
Event: 277.409 GC heap before
{Heap before GC invocations=57 (full 2):
 PSYoungGen      total 180224K, used 177696K [0x000000076ab00000, 0x0000000776e00000, 0x00000007c0000000)
  eden space 171008K, 100% used [0x000000076ab00000,0x0000000775200000,0x0000000775200000)
  from space 9216K, 72% used [0x0000000776500000,0x0000000776b88010,0x0000000776e00000)
  to   space 14336K, 0% used [0x0000000775200000,0x0000000775200000,0x0000000776000000)
 ParOldGen       total 194048K, used 60914K [0x00000006c0000000, 0x00000006cbd80000, 0x000000076ab00000)
  object space 194048K, 31% used [0x00000006c0000000,0x00000006c3b7c8d0,0x00000006cbd80000)
 Metaspace       used 40581K, capacity 40914K, committed 41344K, reserved 1085440K
  class space    used 5013K, capacity 5122K, committed 5248K, reserved 1048576K
Event: 277.411 GC heap after
Heap after GC invocations=57 (full 2):
 PSYoungGen      total 170496K, used 3264K [0x000000076ab00000, 0x0000000776a00000, 0x00000007c0000000)
  eden space 166912K, 0% used [0x000000076ab00000,0x000000076ab00000,0x0000000774e00000)
  from space 3584K, 91% used [0x0000000775200000,0x0000000775530010,0x0000000775580000)
  to   space 14336K, 0% used [0x0000000775c00000,0x0000000775c00000,0x0000000776a00000)
 ParOldGen       total 194048K, used 60922K [0x00000006c0000000, 0x00000006cbd80000, 0x000000076ab00000)
  object space 194048K, 31% used [0x00000006c0000000,0x00000006c3b7e8d0,0x00000006cbd80000)
 Metaspace       used 40581K, capacity 40914K, committed 41344K, reserved 1085440K
  class space    used 5013K, capacity 5122K, committed 5248K, reserved 1048576K
}
Event: 279.506 GC heap before
{Heap before GC invocations=58 (full 2):
 PSYoungGen      total 170496K, used 170176K [0x000000076ab00000, 0x0000000776a00000, 0x00000007c0000000)
  eden space 166912K, 100% used [0x000000076ab00000,0x0000000774e00000,0x0000000774e00000)
  from space 3584K, 91% used [0x0000000775200000,0x0000000775530010,0x0000000775580000)
  to   space 14336K, 0% used [0x0000000775c00000,0x0000000775c00000,0x0000000776a00000)
 ParOldGen       total 194048K, used 60922K [0x00000006c0000000, 0x00000006cbd80000, 0x000000076ab00000)
  object space 194048K, 31% used [0x00000006c0000000,0x00000006c3b7e8d0,0x00000006cbd80000)
 Metaspace       used 40581K, capacity 40914K, committed 41344K, reserved 1085440K
  class space    used 5013K, capacity 5122K, committed 5248K, reserved 1048576K
Event: 279.511 GC heap after
Heap after GC invocations=58 (full 2):
 PSYoungGen      total 174080K, used 9408K [0x000000076ab00000, 0x0000000776700000, 0x00000007c0000000)
  eden space 162816K, 0% used [0x000000076ab00000,0x000000076ab00000,0x0000000774a00000)
  from space 11264K, 83% used [0x0000000775c00000,0x0000000776530010,0x0000000776700000)
  to   space 14848K, 0% used [0x0000000774a00000,0x0000000774a00000,0x0000000775880000)
 ParOldGen       total 194048K, used 60930K [0x00000006c0000000, 0x00000006cbd80000, 0x000000076ab00000)
  object space 194048K, 31% used [0x00000006c0000000,0x00000006c3b808d0,0x00000006cbd80000)
 Metaspace       used 40581K, capacity 40914K, committed 41344K, reserved 1085440K
  class space    used 5013K, capacity 5122K, committed 5248K, reserved 1048576K
}
Event: 282.583 GC heap before
{Heap before GC invocations=59 (full 2):
 PSYoungGen      total 174080K, used 172224K [0x000000076ab00000, 0x0000000776700000, 0x00000007c0000000)
  eden space 162816K, 100% used [0x000000076ab00000,0x0000000774a00000,0x0000000774a00000)
  from space 11264K, 83% used [0x0000000775c00000,0x0000000776530010,0x0000000776700000)
  to   space 14848K, 0% used [0x0000000774a00000,0x0000000774a00000,0x0000000775880000)
 ParOldGen       total 194048K, used 60930K [0x00000006c0000000, 0x00000006cbd80000, 0x000000076ab00000)
  object space 194048K, 31% used [0x00000006c0000000,0x00000006c3b808d0,0x00000006cbd80000)
 Metaspace       used 40581K, capacity 40914K, committed 41344K, reserved 1085440K
  class space    used 5013K, capacity 5122K, committed 5248K, reserved 1048576K
Event: 282.588 GC heap after
Heap after GC invocations=59 (full 2):
 PSYoungGen      total 164864K, used 5344K [0x000000076ab00000, 0x0000000776180000, 0x00000007c0000000)
  eden space 159232K, 0% used [0x000000076ab00000,0x000000076ab00000,0x0000000774680000)
  from space 5632K, 94% used [0x0000000774a00000,0x0000000774f38010,0x0000000774f80000)
  to   space 13824K, 0% used [0x0000000775400000,0x0000000775400000,0x0000000776180000)
 ParOldGen       total 194048K, used 60938K [0x00000006c0000000, 0x00000006cbd80000, 0x000000076ab00000)
  object space 194048K, 31% used [0x00000006c0000000,0x00000006c3b828d0,0x00000006cbd80000)
 Metaspace       used 40581K, capacity 40914K, committed 41344K, reserved 1085440K
  class space    used 5013K, capacity 5122K, committed 5248K, reserved 1048576K
}

